

Started GET "/assets/rails.png" for 127.0.0.1 at 2011-10-03 16:00:36 +0200

ActiveRecord::ConnectionNotEstablished (ActiveRecord::ConnectionNotEstablished):
  

Rendered /home/alba/.rvm/gems/ruby-1.9.2-p290@proyecto/gems/actionpack-3.1.0/lib/action_dispatch/middleware/templates/rescues/_trace.erb (1.1ms)
Rendered /home/alba/.rvm/gems/ruby-1.9.2-p290@proyecto/gems/actionpack-3.1.0/lib/action_dispatch/middleware/templates/rescues/_request_and_response.erb (34.6ms)
Rendered /home/alba/.rvm/gems/ruby-1.9.2-p290@proyecto/gems/actionpack-3.1.0/lib/action_dispatch/middleware/templates/rescues/diagnostics.erb within rescues/layout (51.9ms)
  [1m[36m (117.7ms)[0m  [1mCREATE TABLE `schema_migrations` (`version` varchar(255) NOT NULL) ENGINE=InnoDB[0m
  [1m[35m (0.3ms)[0m  SHOW KEYS FROM `schema_migrations`
  [1m[36m (225.2ms)[0m  [1mCREATE UNIQUE INDEX `unique_schema_migrations` ON `schema_migrations` (`version`)[0m
  [1m[35m (0.2ms)[0m  SELECT `schema_migrations`.`version` FROM `schema_migrations` 
  [1m[36m (0.1ms)[0m  [1mSELECT `schema_migrations`.`version` FROM `schema_migrations` [0m
  [1m[35m (0.3ms)[0m  DROP DATABASE IF EXISTS `ticketee_test`
  [1m[36m (0.1ms)[0m  [1mCREATE DATABASE `ticketee_test` DEFAULT CHARACTER SET `utf8` COLLATE `utf8_unicode_ci`[0m
  [1m[35m (74.5ms)[0m  CREATE TABLE `schema_migrations` (`version` varchar(255) NOT NULL) ENGINE=InnoDB
  [1m[36m (0.4ms)[0m  [1mSHOW KEYS FROM `schema_migrations`[0m
  [1m[35m (197.8ms)[0m  CREATE UNIQUE INDEX `unique_schema_migrations` ON `schema_migrations` (`version`)
  [1m[36m (0.3ms)[0m  [1mSELECT version FROM `schema_migrations`[0m
  [1m[35m (39.6ms)[0m  INSERT INTO `schema_migrations` (version) VALUES ('0')
  [1m[36m (0.1ms)[0m  [1mSELECT `schema_migrations`.`version` FROM `schema_migrations` [0m
  [1m[35m (283.4ms)[0m  DROP DATABASE IF EXISTS `ticketee_test`
  [1m[36m (0.2ms)[0m  [1mCREATE DATABASE `ticketee_test` DEFAULT CHARACTER SET `utf8` COLLATE `utf8_unicode_ci`[0m
  [1m[35m (138.8ms)[0m  CREATE TABLE `schema_migrations` (`version` varchar(255) NOT NULL) ENGINE=InnoDB
  [1m[36m (0.4ms)[0m  [1mSHOW KEYS FROM `schema_migrations`[0m
  [1m[35m (241.7ms)[0m  CREATE UNIQUE INDEX `unique_schema_migrations` ON `schema_migrations` (`version`)
  [1m[36m (0.3ms)[0m  [1mSELECT version FROM `schema_migrations`[0m
  [1m[35m (47.8ms)[0m  INSERT INTO `schema_migrations` (version) VALUES ('0')
  [1m[36m (0.1ms)[0m  [1mSELECT `schema_migrations`.`version` FROM `schema_migrations` [0m
  [1m[35m (94.0ms)[0m  DROP DATABASE IF EXISTS `ticketee_test`
  [1m[36m (0.2ms)[0m  [1mCREATE DATABASE `ticketee_test` DEFAULT CHARACTER SET `utf8` COLLATE `utf8_unicode_ci`[0m
  [1m[35m (114.5ms)[0m  CREATE TABLE `schema_migrations` (`version` varchar(255) NOT NULL) ENGINE=InnoDB
  [1m[36m (0.4ms)[0m  [1mSHOW KEYS FROM `schema_migrations`[0m
  [1m[35m (250.1ms)[0m  CREATE UNIQUE INDEX `unique_schema_migrations` ON `schema_migrations` (`version`)
  [1m[36m (0.3ms)[0m  [1mSELECT version FROM `schema_migrations`[0m
  [1m[35m (39.7ms)[0m  INSERT INTO `schema_migrations` (version) VALUES ('0')
  [1m[36m (0.1ms)[0m  [1mSELECT `schema_migrations`.`version` FROM `schema_migrations` [0m
  [1m[35m (125.7ms)[0m  DROP DATABASE IF EXISTS `ticketee_test`
  [1m[36m (0.2ms)[0m  [1mCREATE DATABASE `ticketee_test` DEFAULT CHARACTER SET `utf8` COLLATE `utf8_unicode_ci`[0m
  [1m[35m (115.5ms)[0m  CREATE TABLE `schema_migrations` (`version` varchar(255) NOT NULL) ENGINE=InnoDB
  [1m[36m (0.4ms)[0m  [1mSHOW KEYS FROM `schema_migrations`[0m
  [1m[35m (216.8ms)[0m  CREATE UNIQUE INDEX `unique_schema_migrations` ON `schema_migrations` (`version`)
  [1m[36m (0.3ms)[0m  [1mSELECT version FROM `schema_migrations`[0m
  [1m[35m (39.6ms)[0m  INSERT INTO `schema_migrations` (version) VALUES ('0')
  [1m[36m (0.1ms)[0m  [1mSELECT `schema_migrations`.`version` FROM `schema_migrations` [0m
  [1m[35m (53.0ms)[0m  DROP DATABASE IF EXISTS `ticketee_test`
  [1m[36m (0.1ms)[0m  [1mCREATE DATABASE `ticketee_test` DEFAULT CHARACTER SET `utf8` COLLATE `utf8_unicode_ci`[0m
  [1m[35m (118.5ms)[0m  CREATE TABLE `schema_migrations` (`version` varchar(255) NOT NULL) ENGINE=InnoDB
  [1m[36m (0.3ms)[0m  [1mSHOW KEYS FROM `schema_migrations`[0m
  [1m[35m (233.7ms)[0m  CREATE UNIQUE INDEX `unique_schema_migrations` ON `schema_migrations` (`version`)
  [1m[36m (0.4ms)[0m  [1mSELECT version FROM `schema_migrations`[0m
  [1m[35m (47.9ms)[0m  INSERT INTO `schema_migrations` (version) VALUES ('0')
  [1m[36m (0.1ms)[0m  [1mSELECT `schema_migrations`.`version` FROM `schema_migrations` [0m
  [1m[35m (69.1ms)[0m  DROP DATABASE IF EXISTS `ticketee_test`
  [1m[36m (0.1ms)[0m  [1mCREATE DATABASE `ticketee_test` DEFAULT CHARACTER SET `utf8` COLLATE `utf8_unicode_ci`[0m
  [1m[35m (115.8ms)[0m  CREATE TABLE `schema_migrations` (`version` varchar(255) NOT NULL) ENGINE=InnoDB
  [1m[36m (0.3ms)[0m  [1mSHOW KEYS FROM `schema_migrations`[0m
  [1m[35m (226.6ms)[0m  CREATE UNIQUE INDEX `unique_schema_migrations` ON `schema_migrations` (`version`)
  [1m[36m (0.3ms)[0m  [1mSELECT version FROM `schema_migrations`[0m
  [1m[35m (48.1ms)[0m  INSERT INTO `schema_migrations` (version) VALUES ('0')
  [1m[36m (0.1ms)[0m  [1mSELECT `schema_migrations`.`version` FROM `schema_migrations` [0m
  [1m[35m (79.6ms)[0m  DROP DATABASE IF EXISTS `ticketee_test`
  [1m[36m (0.2ms)[0m  [1mCREATE DATABASE `ticketee_test` DEFAULT CHARACTER SET `utf8` COLLATE `utf8_unicode_ci`[0m
  [1m[35m (131.9ms)[0m  CREATE TABLE `schema_migrations` (`version` varchar(255) NOT NULL) ENGINE=InnoDB
  [1m[36m (0.4ms)[0m  [1mSHOW KEYS FROM `schema_migrations`[0m
  [1m[35m (225.1ms)[0m  CREATE UNIQUE INDEX `unique_schema_migrations` ON `schema_migrations` (`version`)
  [1m[36m (0.3ms)[0m  [1mSELECT version FROM `schema_migrations`[0m
  [1m[35m (40.8ms)[0m  INSERT INTO `schema_migrations` (version) VALUES ('0')
  [1m[36m (0.1ms)[0m  [1mSELECT `schema_migrations`.`version` FROM `schema_migrations` [0m
  [1m[35m (116.6ms)[0m  DROP DATABASE IF EXISTS `ticketee_test`
  [1m[36m (0.2ms)[0m  [1mCREATE DATABASE `ticketee_test` DEFAULT CHARACTER SET `utf8` COLLATE `utf8_unicode_ci`[0m
  [1m[35m (261.7ms)[0m  CREATE TABLE `schema_migrations` (`version` varchar(255) NOT NULL) ENGINE=InnoDB
  [1m[36m (0.6ms)[0m  [1mSHOW KEYS FROM `schema_migrations`[0m
  [1m[35m (445.4ms)[0m  CREATE UNIQUE INDEX `unique_schema_migrations` ON `schema_migrations` (`version`)
  [1m[36m (0.3ms)[0m  [1mSELECT version FROM `schema_migrations`[0m
  [1m[35m (48.0ms)[0m  INSERT INTO `schema_migrations` (version) VALUES ('0')
  [1m[36m (0.1ms)[0m  [1mSELECT `schema_migrations`.`version` FROM `schema_migrations` [0m
  [1m[35m (62.3ms)[0m  DROP DATABASE IF EXISTS `ticketee_test`
  [1m[36m (0.1ms)[0m  [1mCREATE DATABASE `ticketee_test` DEFAULT CHARACTER SET `utf8` COLLATE `utf8_unicode_ci`[0m
  [1m[35m (103.6ms)[0m  CREATE TABLE `schema_migrations` (`version` varchar(255) NOT NULL) ENGINE=InnoDB
  [1m[36m (0.4ms)[0m  [1mSHOW KEYS FROM `schema_migrations`[0m
  [1m[35m (250.1ms)[0m  CREATE UNIQUE INDEX `unique_schema_migrations` ON `schema_migrations` (`version`)
  [1m[36m (0.3ms)[0m  [1mSELECT version FROM `schema_migrations`[0m
  [1m[35m (48.0ms)[0m  INSERT INTO `schema_migrations` (version) VALUES ('0')
  [1m[36m (0.1ms)[0m  [1mSELECT `schema_migrations`.`version` FROM `schema_migrations` [0m
  [1m[35m (62.4ms)[0m  DROP DATABASE IF EXISTS `ticketee_test`
  [1m[36m (0.1ms)[0m  [1mCREATE DATABASE `ticketee_test` DEFAULT CHARACTER SET `utf8` COLLATE `utf8_unicode_ci`[0m
  [1m[35m (112.7ms)[0m  CREATE TABLE `schema_migrations` (`version` varchar(255) NOT NULL) ENGINE=InnoDB
  [1m[36m (0.4ms)[0m  [1mSHOW KEYS FROM `schema_migrations`[0m
  [1m[35m (250.0ms)[0m  CREATE UNIQUE INDEX `unique_schema_migrations` ON `schema_migrations` (`version`)
  [1m[36m (0.3ms)[0m  [1mSELECT version FROM `schema_migrations`[0m
  [1m[35m (47.9ms)[0m  INSERT INTO `schema_migrations` (version) VALUES ('0')
  [1m[36m (0.1ms)[0m  [1mSELECT `schema_migrations`.`version` FROM `schema_migrations` [0m
  [1m[35m (106.1ms)[0m  DROP DATABASE IF EXISTS `ticketee_test`
  [1m[36m (0.2ms)[0m  [1mCREATE DATABASE `ticketee_test` DEFAULT CHARACTER SET `utf8` COLLATE `utf8_unicode_ci`[0m
  [1m[35m (136.1ms)[0m  CREATE TABLE `schema_migrations` (`version` varchar(255) NOT NULL) ENGINE=InnoDB
  [1m[36m (0.4ms)[0m  [1mSHOW KEYS FROM `schema_migrations`[0m
  [1m[35m (250.1ms)[0m  CREATE UNIQUE INDEX `unique_schema_migrations` ON `schema_migrations` (`version`)
  [1m[36m (0.3ms)[0m  [1mSELECT version FROM `schema_migrations`[0m
  [1m[35m (64.6ms)[0m  INSERT INTO `schema_migrations` (version) VALUES ('0')
  [1m[36m (0.1ms)[0m  [1mSELECT `schema_migrations`.`version` FROM `schema_migrations` [0m
  [1m[35m (112.2ms)[0m  DROP DATABASE IF EXISTS `ticketee_test`
  [1m[36m (0.1ms)[0m  [1mCREATE DATABASE `ticketee_test` DEFAULT CHARACTER SET `utf8` COLLATE `utf8_unicode_ci`[0m
  [1m[35m (83.7ms)[0m  CREATE TABLE `schema_migrations` (`version` varchar(255) NOT NULL) ENGINE=InnoDB
  [1m[36m (0.4ms)[0m  [1mSHOW KEYS FROM `schema_migrations`[0m
  [1m[35m (233.4ms)[0m  CREATE UNIQUE INDEX `unique_schema_migrations` ON `schema_migrations` (`version`)
  [1m[36m (0.3ms)[0m  [1mSELECT version FROM `schema_migrations`[0m
  [1m[35m (47.9ms)[0m  INSERT INTO `schema_migrations` (version) VALUES ('0')
  [1m[36m (0.1ms)[0m  [1mSELECT `schema_migrations`.`version` FROM `schema_migrations` [0m
Migrating to CreateProjects (20111003151731)
  [1m[35m (109.6ms)[0m  CREATE TABLE `projects` (`id` int(11) DEFAULT NULL auto_increment PRIMARY KEY, `name` varchar(255), `created_at` datetime, `updated_at` datetime) ENGINE=InnoDB
  [1m[36m (41.2ms)[0m  [1mINSERT INTO `schema_migrations` (`version`) VALUES ('20111003151731')[0m
  [1m[35m (0.2ms)[0m  SELECT `schema_migrations`.`version` FROM `schema_migrations` 
  [1m[36m (0.4ms)[0m  [1mSHOW KEYS FROM `projects`[0m


Started GET "/" for 127.0.0.1 at 2011-10-03 17:26:33 +0200

ActiveRecord::ConnectionNotEstablished (ActiveRecord::ConnectionNotEstablished):
  

Rendered /home/alba/.rvm/gems/ruby-1.9.2-p290@proyecto/gems/actionpack-3.1.0/lib/action_dispatch/middleware/templates/rescues/_trace.erb (2.1ms)
Rendered /home/alba/.rvm/gems/ruby-1.9.2-p290@proyecto/gems/actionpack-3.1.0/lib/action_dispatch/middleware/templates/rescues/_request_and_response.erb (1.7ms)
Rendered /home/alba/.rvm/gems/ruby-1.9.2-p290@proyecto/gems/actionpack-3.1.0/lib/action_dispatch/middleware/templates/rescues/diagnostics.erb within rescues/layout (7.3ms)
  [1m[36m (0.1ms)[0m  [1mSELECT `schema_migrations`.`version` FROM `schema_migrations` [0m
  [1m[35m (77.5ms)[0m  DROP DATABASE IF EXISTS `ticketee_test`
  [1m[36m (0.1ms)[0m  [1mCREATE DATABASE `ticketee_test` DEFAULT CHARACTER SET `utf8` COLLATE `utf8_unicode_ci`[0m
  [1m[35m (103.9ms)[0m  CREATE TABLE `projects` (`id` int(11) DEFAULT NULL auto_increment PRIMARY KEY, `name` varchar(255), `created_at` datetime, `updated_at` datetime) ENGINE=InnoDB
  [1m[36m (99.4ms)[0m  [1mCREATE TABLE `schema_migrations` (`version` varchar(255) NOT NULL) ENGINE=InnoDB[0m
  [1m[35m (0.4ms)[0m  SHOW KEYS FROM `schema_migrations`
  [1m[36m (250.2ms)[0m  [1mCREATE UNIQUE INDEX `unique_schema_migrations` ON `schema_migrations` (`version`)[0m
  [1m[35m (0.3ms)[0m  SELECT version FROM `schema_migrations`
  [1m[36m (47.9ms)[0m  [1mINSERT INTO `schema_migrations` (version) VALUES ('20111003151731')[0m
  [1m[36m (0.1ms)[0m  [1mSELECT `schema_migrations`.`version` FROM `schema_migrations` [0m
  [1m[35m (104.6ms)[0m  DROP DATABASE IF EXISTS `ticketee_test`
  [1m[36m (0.1ms)[0m  [1mCREATE DATABASE `ticketee_test` DEFAULT CHARACTER SET `utf8` COLLATE `utf8_unicode_ci`[0m
  [1m[35m (115.8ms)[0m  CREATE TABLE `projects` (`id` int(11) DEFAULT NULL auto_increment PRIMARY KEY, `name` varchar(255), `created_at` datetime, `updated_at` datetime) ENGINE=InnoDB
  [1m[36m (115.7ms)[0m  [1mCREATE TABLE `schema_migrations` (`version` varchar(255) NOT NULL) ENGINE=InnoDB[0m
  [1m[35m (0.4ms)[0m  SHOW KEYS FROM `schema_migrations`
  [1m[36m (243.7ms)[0m  [1mCREATE UNIQUE INDEX `unique_schema_migrations` ON `schema_migrations` (`version`)[0m
  [1m[35m (0.3ms)[0m  SELECT version FROM `schema_migrations`
  [1m[36m (39.6ms)[0m  [1mINSERT INTO `schema_migrations` (version) VALUES ('20111003151731')[0m
  [1m[36m (0.1ms)[0m  [1mSELECT `schema_migrations`.`version` FROM `schema_migrations` [0m
  [1m[35m (154.4ms)[0m  DROP DATABASE IF EXISTS `ticketee_test`
  [1m[36m (0.2ms)[0m  [1mCREATE DATABASE `ticketee_test` DEFAULT CHARACTER SET `utf8` COLLATE `utf8_unicode_ci`[0m
  [1m[35m (128.8ms)[0m  CREATE TABLE `projects` (`id` int(11) DEFAULT NULL auto_increment PRIMARY KEY, `name` varchar(255), `created_at` datetime, `updated_at` datetime) ENGINE=InnoDB
  [1m[36m (107.5ms)[0m  [1mCREATE TABLE `schema_migrations` (`version` varchar(255) NOT NULL) ENGINE=InnoDB[0m
  [1m[35m (0.4ms)[0m  SHOW KEYS FROM `schema_migrations`
  [1m[36m (234.8ms)[0m  [1mCREATE UNIQUE INDEX `unique_schema_migrations` ON `schema_migrations` (`version`)[0m
  [1m[35m (0.3ms)[0m  SELECT version FROM `schema_migrations`
  [1m[36m (39.6ms)[0m  [1mINSERT INTO `schema_migrations` (version) VALUES ('20111003151731')[0m
  [1m[36m (0.1ms)[0m  [1mSELECT `schema_migrations`.`version` FROM `schema_migrations` [0m
  [1m[35m (136.2ms)[0m  DROP DATABASE IF EXISTS `ticketee_test`
  [1m[36m (0.2ms)[0m  [1mCREATE DATABASE `ticketee_test` DEFAULT CHARACTER SET `utf8` COLLATE `utf8_unicode_ci`[0m
  [1m[35m (124.6ms)[0m  CREATE TABLE `projects` (`id` int(11) DEFAULT NULL auto_increment PRIMARY KEY, `name` varchar(255), `created_at` datetime, `updated_at` datetime) ENGINE=InnoDB
  [1m[36m (90.9ms)[0m  [1mCREATE TABLE `schema_migrations` (`version` varchar(255) NOT NULL) ENGINE=InnoDB[0m
  [1m[35m (0.4ms)[0m  SHOW KEYS FROM `schema_migrations`
  [1m[36m (233.4ms)[0m  [1mCREATE UNIQUE INDEX `unique_schema_migrations` ON `schema_migrations` (`version`)[0m
  [1m[35m (0.4ms)[0m  SELECT version FROM `schema_migrations`
  [1m[36m (47.8ms)[0m  [1mINSERT INTO `schema_migrations` (version) VALUES ('20111003151731')[0m
  [1m[36m (0.1ms)[0m  [1mSELECT `schema_migrations`.`version` FROM `schema_migrations` [0m
  [1m[35m (96.3ms)[0m  DROP DATABASE IF EXISTS `ticketee_test`
  [1m[36m (0.1ms)[0m  [1mCREATE DATABASE `ticketee_test` DEFAULT CHARACTER SET `utf8` COLLATE `utf8_unicode_ci`[0m
  [1m[35m (112.3ms)[0m  CREATE TABLE `projects` (`id` int(11) DEFAULT NULL auto_increment PRIMARY KEY, `name` varchar(255), `created_at` datetime, `updated_at` datetime) ENGINE=InnoDB
  [1m[36m (74.2ms)[0m  [1mCREATE TABLE `schema_migrations` (`version` varchar(255) NOT NULL) ENGINE=InnoDB[0m
  [1m[35m (0.4ms)[0m  SHOW KEYS FROM `schema_migrations`
  [1m[36m (200.1ms)[0m  [1mCREATE UNIQUE INDEX `unique_schema_migrations` ON `schema_migrations` (`version`)[0m
  [1m[35m (0.3ms)[0m  SELECT version FROM `schema_migrations`
  [1m[36m (39.6ms)[0m  [1mINSERT INTO `schema_migrations` (version) VALUES ('20111003151731')[0m
  [1m[36m (0.1ms)[0m  [1mSELECT `schema_migrations`.`version` FROM `schema_migrations` [0m
  [1m[35m (148.5ms)[0m  DROP DATABASE IF EXISTS `ticketee_test`
  [1m[36m (0.1ms)[0m  [1mCREATE DATABASE `ticketee_test` DEFAULT CHARACTER SET `utf8` COLLATE `utf8_unicode_ci`[0m
  [1m[35m (120.6ms)[0m  CREATE TABLE `projects` (`id` int(11) DEFAULT NULL auto_increment PRIMARY KEY, `name` varchar(255), `created_at` datetime, `updated_at` datetime) ENGINE=InnoDB
  [1m[36m (107.5ms)[0m  [1mCREATE TABLE `schema_migrations` (`version` varchar(255) NOT NULL) ENGINE=InnoDB[0m
  [1m[35m (0.4ms)[0m  SHOW KEYS FROM `schema_migrations`
  [1m[36m (241.8ms)[0m  [1mCREATE UNIQUE INDEX `unique_schema_migrations` ON `schema_migrations` (`version`)[0m
  [1m[35m (0.3ms)[0m  SELECT version FROM `schema_migrations`
  [1m[36m (48.0ms)[0m  [1mINSERT INTO `schema_migrations` (version) VALUES ('20111003151731')[0m
  [1m[36m (0.1ms)[0m  [1mSELECT `schema_migrations`.`version` FROM `schema_migrations` [0m
  [1m[35m (113.8ms)[0m  DROP DATABASE IF EXISTS `ticketee_test`
  [1m[36m (0.1ms)[0m  [1mCREATE DATABASE `ticketee_test` DEFAULT CHARACTER SET `utf8` COLLATE `utf8_unicode_ci`[0m
  [1m[35m (122.0ms)[0m  CREATE TABLE `projects` (`id` int(11) DEFAULT NULL auto_increment PRIMARY KEY, `name` varchar(255), `created_at` datetime, `updated_at` datetime) ENGINE=InnoDB
  [1m[36m (90.8ms)[0m  [1mCREATE TABLE `schema_migrations` (`version` varchar(255) NOT NULL) ENGINE=InnoDB[0m
  [1m[35m (0.4ms)[0m  SHOW KEYS FROM `schema_migrations`
  [1m[36m (241.8ms)[0m  [1mCREATE UNIQUE INDEX `unique_schema_migrations` ON `schema_migrations` (`version`)[0m
  [1m[35m (0.3ms)[0m  SELECT version FROM `schema_migrations`
  [1m[36m (47.7ms)[0m  [1mINSERT INTO `schema_migrations` (version) VALUES ('20111003151731')[0m
  [1m[36m (0.1ms)[0m  [1mSELECT `schema_migrations`.`version` FROM `schema_migrations` [0m
Migrating to CreateProjects (20111003151731)
  [1m[35m (0.1ms)[0m  SELECT `schema_migrations`.`version` FROM `schema_migrations` 
  [1m[36m (0.1ms)[0m  [1mSHOW KEYS FROM `projects`[0m
  [1m[36m (0.1ms)[0m  [1mSELECT `schema_migrations`.`version` FROM `schema_migrations` [0m
  [1m[35m (168.0ms)[0m  DROP DATABASE IF EXISTS `ticketee_test`
  [1m[36m (0.2ms)[0m  [1mCREATE DATABASE `ticketee_test` DEFAULT CHARACTER SET `utf8` COLLATE `utf8_unicode_ci`[0m
  [1m[35m (121.1ms)[0m  CREATE TABLE `projects` (`id` int(11) DEFAULT NULL auto_increment PRIMARY KEY, `name` varchar(255), `created_at` datetime, `updated_at` datetime) ENGINE=InnoDB
  [1m[36m (107.5ms)[0m  [1mCREATE TABLE `schema_migrations` (`version` varchar(255) NOT NULL) ENGINE=InnoDB[0m
  [1m[35m (0.4ms)[0m  SHOW KEYS FROM `schema_migrations`
  [1m[36m (250.2ms)[0m  [1mCREATE UNIQUE INDEX `unique_schema_migrations` ON `schema_migrations` (`version`)[0m
  [1m[35m (0.3ms)[0m  SELECT version FROM `schema_migrations`
  [1m[36m (47.9ms)[0m  [1mINSERT INTO `schema_migrations` (version) VALUES ('20111003151731')[0m
  [1m[36m (0.1ms)[0m  [1mSELECT `schema_migrations`.`version` FROM `schema_migrations` [0m
  [1m[35m (111.0ms)[0m  DROP DATABASE IF EXISTS `ticketee_test`
  [1m[36m (0.2ms)[0m  [1mCREATE DATABASE `ticketee_test` DEFAULT CHARACTER SET `utf8` COLLATE `utf8_unicode_ci`[0m
  [1m[35m (112.0ms)[0m  CREATE TABLE `projects` (`id` int(11) DEFAULT NULL auto_increment PRIMARY KEY, `name` varchar(255), `created_at` datetime, `updated_at` datetime) ENGINE=InnoDB
  [1m[36m (74.2ms)[0m  [1mCREATE TABLE `schema_migrations` (`version` varchar(255) NOT NULL) ENGINE=InnoDB[0m
  [1m[35m (0.4ms)[0m  SHOW KEYS FROM `schema_migrations`
  [1m[36m (268.0ms)[0m  [1mCREATE UNIQUE INDEX `unique_schema_migrations` ON `schema_migrations` (`version`)[0m
  [1m[35m (0.5ms)[0m  SELECT version FROM `schema_migrations`
  [1m[36m (47.8ms)[0m  [1mINSERT INTO `schema_migrations` (version) VALUES ('20111003151731')[0m
  [1m[36m (0.1ms)[0m  [1mSELECT `schema_migrations`.`version` FROM `schema_migrations` [0m
  [1m[35m (91.2ms)[0m  DROP DATABASE IF EXISTS `ticketee_test`
  [1m[36m (0.1ms)[0m  [1mCREATE DATABASE `ticketee_test` DEFAULT CHARACTER SET `utf8` COLLATE `utf8_unicode_ci`[0m
  [1m[35m (132.2ms)[0m  CREATE TABLE `projects` (`id` int(11) DEFAULT NULL auto_increment PRIMARY KEY, `name` varchar(255), `created_at` datetime, `updated_at` datetime) ENGINE=InnoDB
  [1m[36m (102.9ms)[0m  [1mCREATE TABLE `schema_migrations` (`version` varchar(255) NOT NULL) ENGINE=InnoDB[0m
  [1m[35m (0.4ms)[0m  SHOW KEYS FROM `schema_migrations`
  [1m[36m (216.9ms)[0m  [1mCREATE UNIQUE INDEX `unique_schema_migrations` ON `schema_migrations` (`version`)[0m
  [1m[35m (0.4ms)[0m  SELECT version FROM `schema_migrations`
  [1m[36m (39.3ms)[0m  [1mINSERT INTO `schema_migrations` (version) VALUES ('20111003151731')[0m
  [1m[36m (16.8ms)[0m  [1mSELECT `schema_migrations`.`version` FROM `schema_migrations` [0m
  [1m[35m (123.3ms)[0m  DROP DATABASE IF EXISTS `ticketee_test`
  [1m[36m (0.3ms)[0m  [1mCREATE DATABASE `ticketee_test` DEFAULT CHARACTER SET `utf8` COLLATE `utf8_unicode_ci`[0m
  [1m[35m (103.0ms)[0m  CREATE TABLE `projects` (`id` int(11) DEFAULT NULL auto_increment PRIMARY KEY, `name` varchar(255), `created_at` datetime, `updated_at` datetime) ENGINE=InnoDB
  [1m[36m (90.8ms)[0m  [1mCREATE TABLE `schema_migrations` (`version` varchar(255) NOT NULL) ENGINE=InnoDB[0m
  [1m[35m (0.6ms)[0m  SHOW KEYS FROM `schema_migrations`
  [1m[36m (234.4ms)[0m  [1mCREATE UNIQUE INDEX `unique_schema_migrations` ON `schema_migrations` (`version`)[0m
  [1m[35m (0.3ms)[0m  SELECT version FROM `schema_migrations`
  [1m[36m (31.2ms)[0m  [1mINSERT INTO `schema_migrations` (version) VALUES ('20111003151731')[0m


Started GET "/" for 127.0.0.1 at 2011-10-04 09:41:47 +0200
  Processing by ProjectsController#index as HTML
Rendered projects/index.html.erb within layouts/application (42.3ms)
Compiled application.css  (1ms)  (pid 2948)
Compiled projects.css  (41ms)  (pid 2948)
Compiled application.js  (14ms)  (pid 2948)
Compiled jquery.js  (16ms)  (pid 2948)
Compiled jquery_ujs.js  (5ms)  (pid 2948)
Compiled projects.js  (116ms)  (pid 2948)
Completed 200 OK in 389ms (Views: 388.5ms | ActiveRecord: 0.0ms)


Started GET "/assets/application.css?body=1" for 127.0.0.1 at 2011-10-04 09:41:48 +0200
Served asset /application.css - 200 OK (6ms)


Started GET "/assets/projects.css?body=1" for 127.0.0.1 at 2011-10-04 09:41:48 +0200
Served asset /projects.css - 200 OK (5ms)


Started GET "/assets/jquery.js?body=1" for 127.0.0.1 at 2011-10-04 09:41:48 +0200
Served asset /jquery.js - 200 OK (57ms)


Started GET "/assets/projects.js?body=1" for 127.0.0.1 at 2011-10-04 09:41:48 +0200
Served asset /projects.js - 200 OK (5ms)


Started GET "/assets/application.js?body=1" for 127.0.0.1 at 2011-10-04 09:41:48 +0200
Served asset /application.js - 200 OK (6ms)


Started GET "/assets/jquery_ujs.js?body=1" for 127.0.0.1 at 2011-10-04 09:41:48 +0200
Served asset /jquery_ujs.js - 200 OK (5ms)


Started GET "/projects/new" for 127.0.0.1 at 2011-10-04 09:41:51 +0200
  Processing by ProjectsController#new as HTML
Rendered projects/_form.html.erb (14.7ms)
Rendered projects/new.html.erb within layouts/application (38.1ms)
Completed 200 OK in 50ms (Views: 47.5ms | ActiveRecord: 1.2ms)


Started GET "/assets/application.css?body=1" for 127.0.0.1 at 2011-10-04 09:41:52 +0200
Served asset /application.css - 304 Not Modified (0ms)


Started GET "/assets/projects.css?body=1" for 127.0.0.1 at 2011-10-04 09:41:52 +0200
Served asset /projects.css - 304 Not Modified (0ms)


Started GET "/assets/jquery.js?body=1" for 127.0.0.1 at 2011-10-04 09:41:52 +0200
Served asset /jquery.js - 304 Not Modified (0ms)


Started GET "/assets/jquery_ujs.js?body=1" for 127.0.0.1 at 2011-10-04 09:41:52 +0200
Served asset /jquery_ujs.js - 304 Not Modified (0ms)


Started GET "/assets/projects.js?body=1" for 127.0.0.1 at 2011-10-04 09:41:52 +0200
Served asset /projects.js - 304 Not Modified (0ms)


Started GET "/assets/application.js?body=1" for 127.0.0.1 at 2011-10-04 09:41:52 +0200
Served asset /application.js - 304 Not Modified (0ms)


Started POST "/projects" for 127.0.0.1 at 2011-10-04 09:42:00 +0200

AbstractController::ActionNotFound (The action 'create' could not be found for ProjectsController):
  

Rendered /home/alba/.rvm/gems/ruby-1.9.2-p290@proyecto/gems/actionpack-3.1.0/lib/action_dispatch/middleware/templates/rescues/unknown_action.erb within rescues/layout (0.7ms)


Started POST "/projects" for 127.0.0.1 at 2011-10-04 09:46:51 +0200
  Processing by ProjectsController#create as HTML
  Parameters: {"utf8"=>"✓", "authenticity_token"=>"ctc568nBXVKQnX4BisSDd/EL1ZZRHwNWIwNqZYYXxaY=", "project"=>{"name"=>"alba"}, "commit"=>"Create Project"}
  [1m[36mSQL (0.1ms)[0m  [1mBEGIN[0m
  [1m[35mSQL (167.2ms)[0m  INSERT INTO `projects` (`created_at`, `name`, `updated_at`) VALUES (?, ?, ?)  [["created_at", Tue, 04 Oct 2011 07:46:51 UTC +00:00], ["name", "alba"], ["updated_at", Tue, 04 Oct 2011 07:46:51 UTC +00:00]]
  [1m[36m (55.4ms)[0m  [1mCOMMIT[0m
Redirected to http://localhost:3000/projects/1
Completed 302 Found in 238ms


Started GET "/projects/1" for 127.0.0.1 at 2011-10-04 09:46:52 +0200
  Processing by ProjectsController#show as HTML
  Parameters: {"id"=>"1"}
Rendered projects/show.html.erb within layouts/application (116.1ms)
Completed 500 Internal Server Error in 125ms

ActionView::Template::Error (undefined method `name' for nil:NilClass):
    1: <h2><%= @project.name %></h2>
  app/views/projects/show.html.erb:1:in `_app_views_projects_show_html_erb__3813874709765471078_40990400'

Rendered /home/alba/.rvm/gems/ruby-1.9.2-p290@proyecto/gems/actionpack-3.1.0/lib/action_dispatch/middleware/templates/rescues/_trace.erb (2.7ms)
Rendered /home/alba/.rvm/gems/ruby-1.9.2-p290@proyecto/gems/actionpack-3.1.0/lib/action_dispatch/middleware/templates/rescues/_request_and_response.erb (1.9ms)
Rendered /home/alba/.rvm/gems/ruby-1.9.2-p290@proyecto/gems/actionpack-3.1.0/lib/action_dispatch/middleware/templates/rescues/template_error.erb within rescues/layout (10.0ms)


Started GET "/projects/1" for 127.0.0.1 at 2011-10-04 09:50:44 +0200
  Processing by ProjectsController#show as HTML
  Parameters: {"id"=>"1"}
  [1m[35mProject Load (0.6ms)[0m  SELECT `projects`.* FROM `projects` WHERE `projects`.`id` = ? LIMIT 1  [["id", "1"]]
Rendered projects/show.html.erb within layouts/application (6.1ms)
Completed 200 OK in 27ms (Views: 19.6ms | ActiveRecord: 2.2ms)


Started GET "/assets/application.css?body=1" for 127.0.0.1 at 2011-10-04 09:50:44 +0200
Served asset /application.css - 304 Not Modified (0ms)


Started GET "/assets/projects.css?body=1" for 127.0.0.1 at 2011-10-04 09:50:44 +0200
Served asset /projects.css - 304 Not Modified (0ms)


Started GET "/assets/jquery.js?body=1" for 127.0.0.1 at 2011-10-04 09:50:44 +0200
Served asset /jquery.js - 304 Not Modified (0ms)


Started GET "/assets/projects.js?body=1" for 127.0.0.1 at 2011-10-04 09:50:44 +0200
Served asset /projects.js - 304 Not Modified (0ms)


Started GET "/assets/jquery_ujs.js?body=1" for 127.0.0.1 at 2011-10-04 09:50:44 +0200
Served asset /jquery_ujs.js - 304 Not Modified (0ms)


Started GET "/assets/application.js?body=1" for 127.0.0.1 at 2011-10-04 09:50:44 +0200
Served asset /application.js - 304 Not Modified (0ms)


Started GET "/" for 127.0.0.1 at 2011-10-04 09:51:32 +0200
  Processing by ProjectsController#index as HTML
Rendered projects/index.html.erb within layouts/application (0.9ms)
Completed 200 OK in 16ms (Views: 15.6ms | ActiveRecord: 0.0ms)


Started GET "/assets/application.css?body=1" for 127.0.0.1 at 2011-10-04 09:51:32 +0200
Served asset /application.css - 304 Not Modified (0ms)


Started GET "/assets/jquery.js?body=1" for 127.0.0.1 at 2011-10-04 09:51:32 +0200
Served asset /jquery.js - 304 Not Modified (0ms)


Started GET "/assets/projects.css?body=1" for 127.0.0.1 at 2011-10-04 09:51:32 +0200
Served asset /projects.css - 304 Not Modified (0ms)


Started GET "/assets/jquery_ujs.js?body=1" for 127.0.0.1 at 2011-10-04 09:51:32 +0200
Served asset /jquery_ujs.js - 304 Not Modified (0ms)


Started GET "/assets/application.js?body=1" for 127.0.0.1 at 2011-10-04 09:51:32 +0200
Served asset /application.js - 304 Not Modified (0ms)


Started GET "/assets/projects.js?body=1" for 127.0.0.1 at 2011-10-04 09:51:32 +0200
Served asset /projects.js - 304 Not Modified (0ms)


Started GET "/index" for 127.0.0.1 at 2011-10-04 09:51:44 +0200

ActionController::RoutingError (No route matches [GET] "/index"):
  

Rendered /home/alba/.rvm/gems/ruby-1.9.2-p290@proyecto/gems/actionpack-3.1.0/lib/action_dispatch/middleware/templates/rescues/routing_error.erb within rescues/layout (1.0ms)


Started GET "/" for 127.0.0.1 at 2011-10-04 09:51:49 +0200
  Processing by ProjectsController#index as HTML
Rendered projects/index.html.erb within layouts/application (1.0ms)
Completed 200 OK in 12ms (Views: 11.1ms | ActiveRecord: 0.0ms)


Started GET "/assets/application.css?body=1" for 127.0.0.1 at 2011-10-04 09:51:49 +0200
Served asset /application.css - 304 Not Modified (0ms)


Started GET "/assets/jquery.js?body=1" for 127.0.0.1 at 2011-10-04 09:51:49 +0200
Served asset /jquery.js - 304 Not Modified (0ms)


Started GET "/assets/projects.css?body=1" for 127.0.0.1 at 2011-10-04 09:51:49 +0200
Served asset /projects.css - 304 Not Modified (0ms)


Started GET "/assets/jquery_ujs.js?body=1" for 127.0.0.1 at 2011-10-04 09:51:49 +0200
Served asset /jquery_ujs.js - 304 Not Modified (0ms)


Started GET "/assets/projects.js?body=1" for 127.0.0.1 at 2011-10-04 09:51:49 +0200
Served asset /projects.js - 304 Not Modified (0ms)


Started GET "/assets/application.js?body=1" for 127.0.0.1 at 2011-10-04 09:51:49 +0200
Served asset /application.js - 304 Not Modified (0ms)


Started GET "/projects/new" for 127.0.0.1 at 2011-10-04 09:51:50 +0200
  Processing by ProjectsController#new as HTML
Rendered projects/_form.html.erb (11.3ms)
Rendered projects/new.html.erb within layouts/application (15.2ms)
Completed 200 OK in 27ms (Views: 24.8ms | ActiveRecord: 1.0ms)


Started GET "/assets/application.css?body=1" for 127.0.0.1 at 2011-10-04 09:51:51 +0200
Served asset /application.css - 304 Not Modified (0ms)


Started GET "/assets/jquery.js?body=1" for 127.0.0.1 at 2011-10-04 09:51:51 +0200
Served asset /jquery.js - 304 Not Modified (0ms)


Started GET "/assets/projects.css?body=1" for 127.0.0.1 at 2011-10-04 09:51:51 +0200
Served asset /projects.css - 304 Not Modified (0ms)


Started GET "/assets/jquery_ujs.js?body=1" for 127.0.0.1 at 2011-10-04 09:51:51 +0200
Served asset /jquery_ujs.js - 304 Not Modified (0ms)


Started GET "/assets/projects.js?body=1" for 127.0.0.1 at 2011-10-04 09:51:51 +0200
Served asset /projects.js - 304 Not Modified (0ms)


Started GET "/assets/application.js?body=1" for 127.0.0.1 at 2011-10-04 09:51:51 +0200
Served asset /application.js - 304 Not Modified (0ms)


Started POST "/projects" for 127.0.0.1 at 2011-10-04 09:52:10 +0200
  Processing by ProjectsController#create as HTML
  Parameters: {"utf8"=>"✓", "authenticity_token"=>"ctc568nBXVKQnX4BisSDd/EL1ZZRHwNWIwNqZYYXxaY=", "project"=>{"name"=>"alba2"}, "commit"=>"Create Project"}
  [1m[36mSQL (0.1ms)[0m  [1mBEGIN[0m
  [1m[35mSQL (1.6ms)[0m  INSERT INTO `projects` (`created_at`, `name`, `updated_at`) VALUES (?, ?, ?)  [["created_at", Tue, 04 Oct 2011 07:52:11 UTC +00:00], ["name", "alba2"], ["updated_at", Tue, 04 Oct 2011 07:52:11 UTC +00:00]]
  [1m[36m (36.8ms)[0m  [1mCOMMIT[0m
Redirected to http://localhost:3000/projects/2
Completed 302 Found in 54ms


Started GET "/projects/2" for 127.0.0.1 at 2011-10-04 09:52:11 +0200
  Processing by ProjectsController#show as HTML
  Parameters: {"id"=>"2"}
  [1m[35mProject Load (0.4ms)[0m  SELECT `projects`.* FROM `projects` WHERE `projects`.`id` = ? LIMIT 1  [["id", "2"]]
Rendered projects/show.html.erb within layouts/application (6.7ms)
Completed 200 OK in 23ms (Views: 17.8ms | ActiveRecord: 1.9ms)


Started GET "/assets/application.css?body=1" for 127.0.0.1 at 2011-10-04 09:52:11 +0200
Served asset /application.css - 304 Not Modified (0ms)


Started GET "/assets/jquery.js?body=1" for 127.0.0.1 at 2011-10-04 09:52:11 +0200
Served asset /jquery.js - 304 Not Modified (0ms)


Started GET "/assets/projects.css?body=1" for 127.0.0.1 at 2011-10-04 09:52:11 +0200
Served asset /projects.css - 304 Not Modified (0ms)


Started GET "/assets/projects.js?body=1" for 127.0.0.1 at 2011-10-04 09:52:11 +0200
Served asset /projects.js - 304 Not Modified (0ms)


Started GET "/assets/jquery_ujs.js?body=1" for 127.0.0.1 at 2011-10-04 09:52:11 +0200
Served asset /jquery_ujs.js - 304 Not Modified (0ms)


Started GET "/assets/application.js?body=1" for 127.0.0.1 at 2011-10-04 09:52:11 +0200
Served asset /application.js - 304 Not Modified (0ms)


Started GET "/" for 127.0.0.1 at 2011-10-04 09:57:09 +0200
  Processing by ProjectsController#index as HTML
Rendered projects/index.html.erb within layouts/application (2.5ms)
Completed 500 Internal Server Error in 12ms

ActionView::Template::Error (You have a nil object when you didn't expect it!
You might have expected an instance of Array.
The error occurred while evaluating nil.each):
    1: <%= link_to "New Project", new_project_path %>
    2: <ul>
    3:     <%@projects.each do |project|%>
    4:       <li><%=project.name%></li>
    5:     <%end%>
    6: </ul>
  app/views/projects/index.html.erb:3:in `_app_views_projects_index_html_erb___2041243188715352554_47885540'

Rendered /home/alba/.rvm/gems/ruby-1.9.2-p290@proyecto/gems/actionpack-3.1.0/lib/action_dispatch/middleware/templates/rescues/_trace.erb (2.2ms)
Rendered /home/alba/.rvm/gems/ruby-1.9.2-p290@proyecto/gems/actionpack-3.1.0/lib/action_dispatch/middleware/templates/rescues/_request_and_response.erb (1.7ms)
Rendered /home/alba/.rvm/gems/ruby-1.9.2-p290@proyecto/gems/actionpack-3.1.0/lib/action_dispatch/middleware/templates/rescues/template_error.erb within rescues/layout (7.6ms)


Started GET "/" for 127.0.0.1 at 2011-10-04 09:58:54 +0200
  Processing by ProjectsController#index as HTML
Rendered projects/index.html.erb within layouts/application (2.0ms)
Completed 500 Internal Server Error in 11ms

ActionView::Template::Error (You have a nil object when you didn't expect it!
You might have expected an instance of Array.
The error occurred while evaluating nil.each):
    1: <%= link_to "New Project", new_project_path %>
    2: <ul>
    3:     <%@projects.each do |project|%>
    4:       <li><%=project.name%></li>
    5:     <%end%>
    6: </ul>
  app/views/projects/index.html.erb:3:in `_app_views_projects_index_html_erb___2041243188715352554_47885540'

Rendered /home/alba/.rvm/gems/ruby-1.9.2-p290@proyecto/gems/actionpack-3.1.0/lib/action_dispatch/middleware/templates/rescues/_trace.erb (2.5ms)
Rendered /home/alba/.rvm/gems/ruby-1.9.2-p290@proyecto/gems/actionpack-3.1.0/lib/action_dispatch/middleware/templates/rescues/_request_and_response.erb (1.9ms)
Rendered /home/alba/.rvm/gems/ruby-1.9.2-p290@proyecto/gems/actionpack-3.1.0/lib/action_dispatch/middleware/templates/rescues/template_error.erb within rescues/layout (8.5ms)


Started GET "/" for 127.0.0.1 at 2011-10-04 10:00:23 +0200
  Processing by ProjectsController#index as HTML
  [1m[36mProject Load (0.5ms)[0m  [1mSELECT `projects`.* FROM `projects` [0m
Rendered projects/index.html.erb within layouts/application (7.0ms)
Completed 200 OK in 21ms (Views: 17.4ms | ActiveRecord: 1.7ms)


Started GET "/assets/application.css?body=1" for 127.0.0.1 at 2011-10-04 10:00:23 +0200
Served asset /application.css - 304 Not Modified (0ms)


Started GET "/assets/jquery.js?body=1" for 127.0.0.1 at 2011-10-04 10:00:23 +0200
Served asset /jquery.js - 304 Not Modified (0ms)


Started GET "/assets/jquery_ujs.js?body=1" for 127.0.0.1 at 2011-10-04 10:00:23 +0200
Served asset /jquery_ujs.js - 304 Not Modified (0ms)


Started GET "/assets/projects.css?body=1" for 127.0.0.1 at 2011-10-04 10:00:23 +0200
Served asset /projects.css - 304 Not Modified (0ms)


Started GET "/assets/projects.js?body=1" for 127.0.0.1 at 2011-10-04 10:00:23 +0200
Served asset /projects.js - 304 Not Modified (0ms)


Started GET "/assets/application.js?body=1" for 127.0.0.1 at 2011-10-04 10:00:23 +0200
Served asset /application.js - 304 Not Modified (0ms)


Started GET "/" for 127.0.0.1 at 2011-10-04 10:20:26 +0200
  Processing by ProjectsController#index as HTML
  [1m[35mProject Load (0.3ms)[0m  SELECT `projects`.* FROM `projects` 
Rendered projects/index.html.erb within layouts/application (7.1ms)
Completed 200 OK in 26ms (Views: 22.7ms | ActiveRecord: 1.5ms)


Started GET "/assets/application.css?body=1" for 127.0.0.1 at 2011-10-04 10:20:26 +0200
Served asset /application.css - 304 Not Modified (0ms)


Started GET "/assets/jquery_ujs.js?body=1" for 127.0.0.1 at 2011-10-04 10:20:26 +0200
Served asset /jquery_ujs.js - 304 Not Modified (0ms)


Started GET "/assets/projects.css?body=1" for 127.0.0.1 at 2011-10-04 10:20:26 +0200
Served asset /projects.css - 304 Not Modified (0ms)


Started GET "/assets/projects.js?body=1" for 127.0.0.1 at 2011-10-04 10:20:26 +0200
Served asset /projects.js - 304 Not Modified (0ms)


Started GET "/assets/jquery.js?body=1" for 127.0.0.1 at 2011-10-04 10:20:26 +0200
Served asset /jquery.js - 304 Not Modified (0ms)


Started GET "/assets/application.js?body=1" for 127.0.0.1 at 2011-10-04 10:20:26 +0200
Served asset /application.js - 304 Not Modified (0ms)


Started GET "/" for 127.0.0.1 at 2011-10-04 10:20:29 +0200
  Processing by ProjectsController#index as HTML
  [1m[36mProject Load (0.3ms)[0m  [1mSELECT `projects`.* FROM `projects` [0m
Rendered projects/index.html.erb within layouts/application (6.9ms)
Completed 200 OK in 26ms (Views: 21.4ms | ActiveRecord: 1.9ms)


Started GET "/assets/application.css?body=1" for 127.0.0.1 at 2011-10-04 10:20:29 +0200
Served asset /application.css - 304 Not Modified (0ms)


Started GET "/assets/jquery.js?body=1" for 127.0.0.1 at 2011-10-04 10:20:29 +0200
Served asset /jquery.js - 304 Not Modified (0ms)


Started GET "/assets/projects.css?body=1" for 127.0.0.1 at 2011-10-04 10:20:29 +0200
Served asset /projects.css - 304 Not Modified (0ms)


Started GET "/assets/jquery_ujs.js?body=1" for 127.0.0.1 at 2011-10-04 10:20:29 +0200
Served asset /jquery_ujs.js - 304 Not Modified (0ms)


Started GET "/assets/projects.js?body=1" for 127.0.0.1 at 2011-10-04 10:20:29 +0200
Served asset /projects.js - 304 Not Modified (0ms)


Started GET "/assets/application.js?body=1" for 127.0.0.1 at 2011-10-04 10:20:29 +0200
Served asset /application.js - 304 Not Modified (0ms)


Started GET "/" for 127.0.0.1 at 2011-10-04 11:23:54 +0200
  Processing by ProjectsController#index as HTML
  [1m[35mProject Load (0.6ms)[0m  SELECT `projects`.* FROM `projects` 
Rendered projects/index.html.erb within layouts/application (7.5ms)
Completed 200 OK in 24ms (Views: 19.8ms | ActiveRecord: 2.1ms)


Started GET "/assets/application.css?body=1" for 127.0.0.1 at 2011-10-04 11:23:54 +0200
Served asset /application.css - 304 Not Modified (0ms)


Started GET "/assets/jquery.js?body=1" for 127.0.0.1 at 2011-10-04 11:23:54 +0200
Served asset /jquery.js - 304 Not Modified (0ms)


Started GET "/assets/projects.js?body=1" for 127.0.0.1 at 2011-10-04 11:23:54 +0200
Served asset /projects.js - 304 Not Modified (0ms)


Started GET "/assets/jquery_ujs.js?body=1" for 127.0.0.1 at 2011-10-04 11:23:54 +0200
Served asset /jquery_ujs.js - 304 Not Modified (0ms)


Started GET "/assets/projects.css?body=1" for 127.0.0.1 at 2011-10-04 11:23:54 +0200
Served asset /projects.css - 304 Not Modified (0ms)


Started GET "/assets/application.js?body=1" for 127.0.0.1 at 2011-10-04 11:23:54 +0200
Served asset /application.js - 304 Not Modified (0ms)
  [1m[36m (0.1ms)[0m  [1mSELECT `schema_migrations`.`version` FROM `schema_migrations` [0m
  [1m[35m (116.2ms)[0m  DROP DATABASE IF EXISTS `ticketee_test`
  [1m[36m (0.2ms)[0m  [1mCREATE DATABASE `ticketee_test` DEFAULT CHARACTER SET `utf8` COLLATE `utf8_unicode_ci`[0m
  [1m[35m (119.2ms)[0m  CREATE TABLE `projects` (`id` int(11) DEFAULT NULL auto_increment PRIMARY KEY, `name` varchar(255), `created_at` datetime, `updated_at` datetime) ENGINE=InnoDB
  [1m[36m (107.5ms)[0m  [1mCREATE TABLE `schema_migrations` (`version` varchar(255) NOT NULL) ENGINE=InnoDB[0m
  [1m[35m (0.4ms)[0m  SHOW KEYS FROM `schema_migrations`
  [1m[36m (225.2ms)[0m  [1mCREATE UNIQUE INDEX `unique_schema_migrations` ON `schema_migrations` (`version`)[0m
  [1m[35m (0.3ms)[0m  SELECT version FROM `schema_migrations`
  [1m[36m (39.6ms)[0m  [1mINSERT INTO `schema_migrations` (version) VALUES ('20111003151731')[0m


Started GET "/" for 127.0.0.1 at 2011-10-04 12:23:11 +0200
  Processing by ProjectsController#index as HTML
  [1m[36mProject Load (0.3ms)[0m  [1mSELECT `projects`.* FROM `projects` [0m
Rendered projects/index.html.erb within layouts/application (53.4ms)
Completed 200 OK in 147ms (Views: 145.3ms | ActiveRecord: 0.8ms)


Started GET "/assets/application.css?body=1" for 127.0.0.1 at 2011-10-04 12:23:12 +0200
Served asset /application.css - 304 Not Modified (2ms)


Started GET "/assets/projects.css?body=1" for 127.0.0.1 at 2011-10-04 12:23:12 +0200
Served asset /projects.css - 304 Not Modified (2ms)


Started GET "/assets/jquery_ujs.js?body=1" for 127.0.0.1 at 2011-10-04 12:23:12 +0200
Served asset /jquery_ujs.js - 304 Not Modified (8ms)


Started GET "/assets/jquery.js?body=1" for 127.0.0.1 at 2011-10-04 12:23:12 +0200
Served asset /jquery.js - 304 Not Modified (7ms)


Started GET "/assets/projects.js?body=1" for 127.0.0.1 at 2011-10-04 12:23:12 +0200
Served asset /projects.js - 304 Not Modified (5ms)


Started GET "/assets/application.js?body=1" for 127.0.0.1 at 2011-10-04 12:23:12 +0200
Served asset /application.js - 304 Not Modified (0ms)


Started GET "/projects/not-here" for 127.0.0.1 at 2011-10-04 12:52:54 +0200
  Processing by ProjectsController#show as HTML
  Parameters: {"id"=>"not-here"}
  [1m[35mProject Load (0.6ms)[0m  SELECT `projects`.* FROM `projects` WHERE `projects`.`id` = ? LIMIT 1  [["id", "not-here"]]
Completed 404 Not Found in 7ms

ActiveRecord::RecordNotFound (Couldn't find Project with id=not-here):
  app/controllers/projects_controller.rb:26:in `show'

Rendered /home/alba/.rvm/gems/ruby-1.9.2-p290@proyecto/gems/actionpack-3.1.0/lib/action_dispatch/middleware/templates/rescues/_trace.erb (2.3ms)
Rendered /home/alba/.rvm/gems/ruby-1.9.2-p290@proyecto/gems/actionpack-3.1.0/lib/action_dispatch/middleware/templates/rescues/_request_and_response.erb (1.9ms)
Rendered /home/alba/.rvm/gems/ruby-1.9.2-p290@proyecto/gems/actionpack-3.1.0/lib/action_dispatch/middleware/templates/rescues/diagnostics.erb within rescues/layout (8.0ms)


Started GET "/" for 127.0.0.1 at 2011-10-04 12:53:06 +0200
  Processing by ProjectsController#index as HTML
  [1m[36mProject Load (0.2ms)[0m  [1mSELECT `projects`.* FROM `projects` [0m
Rendered projects/index.html.erb within layouts/application (6.2ms)
Completed 200 OK in 48ms (Views: 45.4ms | ActiveRecord: 1.1ms)


Started GET "/assets/application.css?body=1" for 127.0.0.1 at 2011-10-04 12:53:06 +0200
Served asset /application.css - 304 Not Modified (0ms)


Started GET "/assets/projects.css?body=1" for 127.0.0.1 at 2011-10-04 12:53:06 +0200
Served asset /projects.css - 304 Not Modified (0ms)


Started GET "/assets/jquery.js?body=1" for 127.0.0.1 at 2011-10-04 12:53:06 +0200
Served asset /jquery.js - 304 Not Modified (0ms)


Started GET "/assets/jquery_ujs.js?body=1" for 127.0.0.1 at 2011-10-04 12:53:06 +0200
Served asset /jquery_ujs.js - 304 Not Modified (0ms)


Started GET "/assets/projects.js?body=1" for 127.0.0.1 at 2011-10-04 12:53:06 +0200
Served asset /projects.js - 304 Not Modified (0ms)


Started GET "/assets/application.js?body=1" for 127.0.0.1 at 2011-10-04 12:53:06 +0200
Served asset /application.js - 304 Not Modified (0ms)


Started GET "/show" for 127.0.0.1 at 2011-10-04 12:53:13 +0200

ActionController::RoutingError (No route matches [GET] "/show"):
  

Rendered /home/alba/.rvm/gems/ruby-1.9.2-p290@proyecto/gems/actionpack-3.1.0/lib/action_dispatch/middleware/templates/rescues/routing_error.erb within rescues/layout (1.7ms)


Started GET "/edit" for 127.0.0.1 at 2011-10-04 12:53:23 +0200

ActionController::RoutingError (No route matches [GET] "/edit"):
  

Rendered /home/alba/.rvm/gems/ruby-1.9.2-p290@proyecto/gems/actionpack-3.1.0/lib/action_dispatch/middleware/templates/rescues/routing_error.erb within rescues/layout (1.2ms)


Started GET "/" for 127.0.0.1 at 2011-10-04 12:53:26 +0200
  Processing by ProjectsController#index as HTML
  [1m[35mProject Load (0.5ms)[0m  SELECT `projects`.* FROM `projects` 
Rendered projects/index.html.erb within layouts/application (12.8ms)
Completed 200 OK in 29ms (Views: 24.3ms | ActiveRecord: 2.0ms)


Started GET "/assets/application.css?body=1" for 127.0.0.1 at 2011-10-04 12:53:26 +0200
Served asset /application.css - 304 Not Modified (0ms)


Started GET "/assets/projects.css?body=1" for 127.0.0.1 at 2011-10-04 12:53:26 +0200
Served asset /projects.css - 304 Not Modified (0ms)


Started GET "/assets/jquery.js?body=1" for 127.0.0.1 at 2011-10-04 12:53:26 +0200
Served asset /jquery.js - 304 Not Modified (0ms)


Started GET "/assets/projects.js?body=1" for 127.0.0.1 at 2011-10-04 12:53:26 +0200
Served asset /projects.js - 304 Not Modified (0ms)


Started GET "/assets/jquery_ujs.js?body=1" for 127.0.0.1 at 2011-10-04 12:53:26 +0200
Served asset /jquery_ujs.js - 304 Not Modified (0ms)


Started GET "/assets/application.js?body=1" for 127.0.0.1 at 2011-10-04 12:53:26 +0200
Served asset /application.js - 304 Not Modified (0ms)


Started GET "/projects/new" for 127.0.0.1 at 2011-10-04 12:53:28 +0200
  Processing by ProjectsController#new as HTML
Rendered projects/_form.html.erb (12.7ms)
Rendered projects/new.html.erb within layouts/application (84.5ms)
Completed 200 OK in 97ms (Views: 94.8ms | ActiveRecord: 1.0ms)


Started GET "/assets/application.css?body=1" for 127.0.0.1 at 2011-10-04 12:53:28 +0200
Served asset /application.css - 304 Not Modified (0ms)


Started GET "/assets/projects.css?body=1" for 127.0.0.1 at 2011-10-04 12:53:28 +0200
Served asset /projects.css - 304 Not Modified (0ms)


Started GET "/assets/jquery.js?body=1" for 127.0.0.1 at 2011-10-04 12:53:28 +0200
Served asset /jquery.js - 304 Not Modified (0ms)


Started GET "/assets/jquery_ujs.js?body=1" for 127.0.0.1 at 2011-10-04 12:53:28 +0200
Served asset /jquery_ujs.js - 304 Not Modified (0ms)


Started GET "/assets/projects.js?body=1" for 127.0.0.1 at 2011-10-04 12:53:28 +0200
Served asset /projects.js - 304 Not Modified (0ms)


Started GET "/assets/application.js?body=1" for 127.0.0.1 at 2011-10-04 12:53:28 +0200
Served asset /application.js - 304 Not Modified (0ms)


Started POST "/projects" for 127.0.0.1 at 2011-10-04 12:53:30 +0200
  Processing by ProjectsController#create as HTML
  Parameters: {"utf8"=>"✓", "authenticity_token"=>"ctc568nBXVKQnX4BisSDd/EL1ZZRHwNWIwNqZYYXxaY=", "project"=>{"name"=>""}, "commit"=>"Create Project"}
  [1m[36mSQL (0.1ms)[0m  [1mBEGIN[0m
  [1m[35m (0.1ms)[0m  ROLLBACK
Rendered projects/_form.html.erb (5.6ms)
Rendered projects/new.html.erb within layouts/application (6.6ms)
Completed 200 OK in 29ms (Views: 16.9ms | ActiveRecord: 1.2ms)


Started GET "/assets/application.css?body=1" for 127.0.0.1 at 2011-10-04 12:53:30 +0200
Served asset /application.css - 304 Not Modified (0ms)


Started GET "/assets/projects.css?body=1" for 127.0.0.1 at 2011-10-04 12:53:30 +0200
Served asset /projects.css - 304 Not Modified (0ms)


Started GET "/assets/jquery_ujs.js?body=1" for 127.0.0.1 at 2011-10-04 12:53:30 +0200
Served asset /jquery_ujs.js - 304 Not Modified (0ms)


Started GET "/assets/projects.js?body=1" for 127.0.0.1 at 2011-10-04 12:53:30 +0200
Served asset /projects.js - 304 Not Modified (0ms)


Started GET "/assets/application.js?body=1" for 127.0.0.1 at 2011-10-04 12:53:30 +0200
Served asset /application.js - 304 Not Modified (0ms)


Started GET "/assets/jquery.js?body=1" for 127.0.0.1 at 2011-10-04 12:53:30 +0200
Served asset /jquery.js - 304 Not Modified (0ms)


Started POST "/projects" for 127.0.0.1 at 2011-10-04 12:53:40 +0200
  Processing by ProjectsController#create as HTML
  Parameters: {"utf8"=>"✓", "authenticity_token"=>"ctc568nBXVKQnX4BisSDd/EL1ZZRHwNWIwNqZYYXxaY=", "project"=>{"name"=>"alba3"}, "commit"=>"Create Project"}
  [1m[36mSQL (0.1ms)[0m  [1mBEGIN[0m
  [1m[35mSQL (39.2ms)[0m  INSERT INTO `projects` (`created_at`, `name`, `updated_at`) VALUES (?, ?, ?)  [["created_at", Tue, 04 Oct 2011 10:53:41 UTC +00:00], ["name", "alba3"], ["updated_at", Tue, 04 Oct 2011 10:53:41 UTC +00:00]]
  [1m[36m (44.8ms)[0m  [1mCOMMIT[0m
Redirected to http://localhost:3000/projects/6
Completed 302 Found in 100ms


Started GET "/projects/6" for 127.0.0.1 at 2011-10-04 12:53:41 +0200
  Processing by ProjectsController#show as HTML
  Parameters: {"id"=>"6"}
  [1m[35mProject Load (0.4ms)[0m  SELECT `projects`.* FROM `projects` WHERE `projects`.`id` = ? LIMIT 1  [["id", "6"]]
Rendered projects/show.html.erb within layouts/application (10.0ms)
Completed 200 OK in 27ms (Views: 22.2ms | ActiveRecord: 2.0ms)


Started GET "/assets/application.css?body=1" for 127.0.0.1 at 2011-10-04 12:53:41 +0200
Served asset /application.css - 304 Not Modified (0ms)


Started GET "/assets/projects.css?body=1" for 127.0.0.1 at 2011-10-04 12:53:41 +0200
Served asset /projects.css - 304 Not Modified (0ms)


Started GET "/assets/jquery.js?body=1" for 127.0.0.1 at 2011-10-04 12:53:41 +0200
Served asset /jquery.js - 304 Not Modified (0ms)


Started GET "/assets/jquery_ujs.js?body=1" for 127.0.0.1 at 2011-10-04 12:53:41 +0200
Served asset /jquery_ujs.js - 304 Not Modified (0ms)


Started GET "/assets/projects.js?body=1" for 127.0.0.1 at 2011-10-04 12:53:41 +0200
Served asset /projects.js - 304 Not Modified (0ms)


Started GET "/assets/application.js?body=1" for 127.0.0.1 at 2011-10-04 12:53:41 +0200
Served asset /application.js - 304 Not Modified (0ms)


Started GET "/projects/6/edit" for 127.0.0.1 at 2011-10-04 12:53:44 +0200
  Processing by ProjectsController#edit as HTML
  Parameters: {"id"=>"6"}
  [1m[36mProject Load (0.2ms)[0m  [1mSELECT `projects`.* FROM `projects` WHERE `projects`.`id` = ? LIMIT 1[0m  [["id", "6"]]
Rendered projects/_form.html.erb (12.1ms)
Rendered projects/edit.html.erb within layouts/application (13.6ms)
Completed 200 OK in 29ms (Views: 23.9ms | ActiveRecord: 1.8ms)


Started GET "/assets/application.css?body=1" for 127.0.0.1 at 2011-10-04 12:53:44 +0200
Served asset /application.css - 304 Not Modified (0ms)


Started GET "/assets/projects.css?body=1" for 127.0.0.1 at 2011-10-04 12:53:44 +0200
Served asset /projects.css - 304 Not Modified (0ms)


Started GET "/assets/jquery_ujs.js?body=1" for 127.0.0.1 at 2011-10-04 12:53:44 +0200
Served asset /jquery_ujs.js - 304 Not Modified (0ms)


Started GET "/assets/projects.js?body=1" for 127.0.0.1 at 2011-10-04 12:53:44 +0200
Served asset /projects.js - 304 Not Modified (0ms)


Started GET "/assets/jquery.js?body=1" for 127.0.0.1 at 2011-10-04 12:53:44 +0200
Served asset /jquery.js - 304 Not Modified (0ms)


Started GET "/assets/application.js?body=1" for 127.0.0.1 at 2011-10-04 12:53:44 +0200
Served asset /application.js - 304 Not Modified (0ms)


Started PUT "/projects/6" for 127.0.0.1 at 2011-10-04 12:53:49 +0200
  Processing by ProjectsController#update as HTML
  Parameters: {"utf8"=>"✓", "authenticity_token"=>"ctc568nBXVKQnX4BisSDd/EL1ZZRHwNWIwNqZYYXxaY=", "project"=>{"name"=>"alba3"}, "commit"=>"Update Project", "id"=>"6"}
  [1m[35mProject Load (0.1ms)[0m  SELECT `projects`.* FROM `projects` WHERE `projects`.`id` = ? LIMIT 1  [["id", "6"]]
  [1m[36mSQL (0.0ms)[0m  [1mBEGIN[0m
  [1m[35m (0.1ms)[0m  COMMIT
Redirected to http://localhost:3000/projects/6
Completed 302 Found in 8ms


Started GET "/projects/6" for 127.0.0.1 at 2011-10-04 12:53:49 +0200
  Processing by ProjectsController#show as HTML
  Parameters: {"id"=>"6"}
  [1m[36mProject Load (0.1ms)[0m  [1mSELECT `projects`.* FROM `projects` WHERE `projects`.`id` = ? LIMIT 1[0m  [["id", "6"]]
Rendered projects/show.html.erb within layouts/application (6.3ms)
Completed 200 OK in 15ms (Views: 13.0ms | ActiveRecord: 0.8ms)


Started GET "/assets/application.css?body=1" for 127.0.0.1 at 2011-10-04 12:53:49 +0200
Served asset /application.css - 304 Not Modified (0ms)


Started GET "/assets/projects.css?body=1" for 127.0.0.1 at 2011-10-04 12:53:49 +0200
Served asset /projects.css - 304 Not Modified (0ms)


Started GET "/assets/jquery.js?body=1" for 127.0.0.1 at 2011-10-04 12:53:49 +0200
Served asset /jquery.js - 304 Not Modified (0ms)


Started GET "/assets/projects.js?body=1" for 127.0.0.1 at 2011-10-04 12:53:49 +0200
Served asset /projects.js - 304 Not Modified (0ms)


Started GET "/assets/jquery_ujs.js?body=1" for 127.0.0.1 at 2011-10-04 12:53:49 +0200
Served asset /jquery_ujs.js - 304 Not Modified (0ms)


Started GET "/assets/application.js?body=1" for 127.0.0.1 at 2011-10-04 12:53:49 +0200
Served asset /application.js - 304 Not Modified (0ms)
  [1m[36m (0.1ms)[0m  [1mSELECT `schema_migrations`.`version` FROM `schema_migrations` [0m
  [1m[35m (116.4ms)[0m  DROP DATABASE IF EXISTS `ticketee_test`
  [1m[36m (0.2ms)[0m  [1mCREATE DATABASE `ticketee_test` DEFAULT CHARACTER SET `utf8` COLLATE `utf8_unicode_ci`[0m
  [1m[35m (115.4ms)[0m  CREATE TABLE `projects` (`id` int(11) DEFAULT NULL auto_increment PRIMARY KEY, `name` varchar(255), `created_at` datetime, `updated_at` datetime) ENGINE=InnoDB
  [1m[36m (107.4ms)[0m  [1mCREATE TABLE `schema_migrations` (`version` varchar(255) NOT NULL) ENGINE=InnoDB[0m
  [1m[35m (0.4ms)[0m  SHOW KEYS FROM `schema_migrations`
  [1m[36m (250.1ms)[0m  [1mCREATE UNIQUE INDEX `unique_schema_migrations` ON `schema_migrations` (`version`)[0m
  [1m[35m (0.3ms)[0m  SELECT version FROM `schema_migrations`
  [1m[36m (48.0ms)[0m  [1mINSERT INTO `schema_migrations` (version) VALUES ('20111003151731')[0m
